<?xml version="1.0" encoding="UTF-8"?>
<!-- Generated by org.testng.reporters.JUnitXMLReporter -->
<testsuite ignored="0" hostname="swapnil-PC" failures="0" tests="3" name="Default test" time="545.875" errors="0" timestamp="13 Jan 2019 14:36:31 GMT">
  <testcase classname="com.uktd.qa.testcases.AddAgentTest" name="addAgentTest" time="13.06"/>
  <testcase classname="com.uktd.qa.testcases.AddAgentTest" name="addAgentTest" time="11.017"/>
  <testcase classname="com.uktd.qa.testcases.AddAgentTest" name="addAgentTest" time="8.862"/>
</testsuite> <!-- Default test -->
