<?xml version="1.0" encoding="UTF-8"?>
<!-- Generated by org.testng.reporters.JUnitXMLReporter -->
<testsuite ignored="0" hostname="swapnil-PC" failures="0" tests="5" name="TestLogin" time="305.888" errors="0" timestamp="13 Jan 2019 13:53:30 GMT">
  <testcase classname="com.uktd.qa.testcases.LoginPageTest" name="agentLoginPageFunction" time="5.787"/>
  <testcase classname="com.uktd.qa.testcases.LoginPageTest" name="processorLoginPageFunction" time="4.932"/>
  <testcase classname="com.uktd.qa.testcases.AddAgentTest" name="addAgentTest" time="10.445"/>
  <testcase classname="com.uktd.qa.testcases.AddAgentTest" name="addAgentTest" time="11.848"/>
  <testcase classname="com.uktd.qa.testcases.AddAgentTest" name="addAgentTest" time="12.295"/>
</testsuite> <!-- TestLogin -->
