<?xml version="1.0" encoding="UTF-8"?>
<testng-results skipped="0" failed="1" ignored="0" total="1" passed="0">
  <reporter-output>
  </reporter-output>
  <suite name="Default suite" duration-ms="129767" started-at="2019-01-23T06:05:21Z" finished-at="2019-01-23T06:07:31Z">
    <groups>
    </groups>
    <test name="Default test" duration-ms="129767" started-at="2019-01-23T06:05:21Z" finished-at="2019-01-23T06:07:31Z">
      <class name="com.uktd.qa.testcases.AgentToPurAgentFillTest">
        <test-method status="PASS" signature="beforeMethod()[pri:0, instance:com.uktd.qa.testcases.AgentToPurAgentFillTest@13deb50e]" name="beforeMethod" is-config="true" duration-ms="27996" started-at="2019-01-23T06:05:22Z" finished-at="2019-01-23T06:05:50Z">
          <reporter-output>
          </reporter-output>
        </test-method> <!-- beforeMethod -->
        <test-method status="FAIL" signature="FullReportAgentToPurAgentFill(java.lang.String, java.lang.String, java.lang.String, java.lang.String, java.lang.String, java.lang.String, java.lang.String, java.lang.String, java.lang.String, java.lang.String, java.lang.String, java.lang.String, java.lang.String, java.lang.String, java.lang.String, java.lang.String, java.lang.String, java.lang.String, java.lang.String, java.lang.String, java.lang.String, java.lang.String, java.lang.String, java.lang.String, java.lang.String, java.lang.String, java.lang.String, java.lang.String, java.lang.String, java.lang.String, java.lang.String, java.lang.String, java.lang.String, java.lang.String, java.lang.String, java.lang.String, java.lang.String, java.lang.String, java.lang.String, java.lang.String, java.lang.String, java.lang.String, java.lang.String, java.lang.String, java.lang.String, java.lang.String, java.lang.String, java.lang.String, java.lang.String, java.lang.String, java.lang.String, java.lang.String, java.lang.String, java.lang.String, java.lang.String, java.lang.String, java.lang.String, java.lang.String, java.lang.String, java.lang.String, java.lang.String, java.lang.String, java.lang.String, java.lang.String)[pri:0, instance:com.uktd.qa.testcases.AgentToPurAgentFillTest@13deb50e]" name="FullReportAgentToPurAgentFill" duration-ms="98858" started-at="2019-01-23T06:05:50Z" data-provider="getAddAgentToPurchaseFRApplicantData" finished-at="2019-01-23T06:07:29Z">
          <params>
            <param index="0">
              <value>
                <![CDATA[Full Profile]]>
              </value>
            </param>
            <param index="1">
              <value>
                <![CDATA[Agent to Purchase]]>
              </value>
            </param>
            <param index="2">
              <value>
                <![CDATA[I want to enter the full details of applicant now]]>
              </value>
            </param>
            <param index="3">
              <value>
                <![CDATA[L118LZ]]>
              </value>
            </param>
            <param index="4">
              <value>
                <![CDATA[30 Broad Lane Norris Green Liverpool]]>
              </value>
            </param>
            <param index="5">
              <value>
                <![CDATA[28/02/2019]]>
              </value>
            </param>
            <param index="6">
              <value>
                <![CDATA[24 months]]>
              </value>
            </param>
            <param index="7">
              <value>
                <![CDATA[18000]]>
              </value>
            </param>
            <param index="8">
              <value>
                <![CDATA[100]]>
              </value>
            </param>
            <param index="9">
              <value>
                <![CDATA[Mr]]>
              </value>
            </param>
            <param index="10">
              <value>
                <![CDATA[Sagar]]>
              </value>
            </param>
            <param index="11">
              <value>
                <![CDATA[Kisan]]>
              </value>
            </param>
            <param index="12">
              <value>
                <![CDATA[Mohite]]>
              </value>
            </param>
            <param index="13">
              <value>
                <![CDATA[NA]]>
              </value>
            </param>
            <param index="14">
              <value>
                <![CDATA[28/01/1994]]>
              </value>
            </param>
            <param index="15">
              <value>
                <![CDATA[Married]]>
              </value>
            </param>
            <param index="16">
              <value>
                <![CDATA[02425261552]]>
              </value>
            </param>
            <param index="17">
              <value>
                <![CDATA[0202255881]]>
              </value>
            </param>
            <param index="18">
              <value>
                <![CDATA[9604328562]]>
              </value>
            </param>
            <param index="19">
              <value>
                <![CDATA[swapnilbhaskar@benchmarkitsolutions.com
]]>
              </value>
            </param>
            <param index="20">
              <value>
                <![CDATA[swapnilbhaskar@benchmarkitsolutions.com
]]>
              </value>
            </param>
            <param index="21">
              <value>
                <![CDATA[Passport]]>
              </value>
            </param>
            <param index="22">
              <value>
                <![CDATA[2]]>
              </value>
            </param>
            <param index="23">
              <value>
                <![CDATA[1]]>
              </value>
            </param>
            <param index="24">
              <value>
                <![CDATA[Currently Living with friends or family]]>
              </value>
            </param>
            <param index="25">
              <value>
                <![CDATA[M36GB]]>
              </value>
            </param>
            <param index="26">
              <value>
                <![CDATA[Apartment 2 Block B Alto Sillavan Way Salford]]>
              </value>
            </param>
            <param index="27">
              <value>
                <![CDATA[28/02/2011]]>
              </value>
            </param>
            <param index="28">
              <value>
                <![CDATA[28/02/2007]]>
              </value>
            </param>
            <param index="29">
              <value>
                <![CDATA[28/02/2011]]>
              </value>
            </param>
            <param index="30">
              <value>
                <![CDATA[M36GB]]>
              </value>
            </param>
            <param index="31">
              <value>
                <![CDATA[Apartment 45 Block B Alto Sillavan Way Salford]]>
              </value>
            </param>
            <param index="32">
              <value>
                <![CDATA[X1 Lettings]]>
              </value>
            </param>
            <param index="33">
              <value>
                <![CDATA[AB117UE]]>
              </value>
            </param>
            <param index="34">
              <value>
                <![CDATA[6 Deemount Gardens Aberdeen]]>
              </value>
            </param>
            <param index="35">
              <value>
                <![CDATA[000000000]]>
              </value>
            </param>
            <param index="36">
              <value>
                <![CDATA[Miss]]>
              </value>
            </param>
            <param index="37">
              <value>
                <![CDATA[Priyanka]]>
              </value>
            </param>
            <param index="38">
              <value>
                <![CDATA[Gaikwad]]>
              </value>
            </param>
            <param index="39">
              <value>
                <![CDATA[20555478]]>
              </value>
            </param>
            <param index="40">
              <value>
                <![CDATA[9503999099]]>
              </value>
            </param>
            <param index="41">
              <value>
                <![CDATA[priyankagaikwad@benchmarkitsoluions.com]]>
              </value>
            </param>
            <param index="42">
              <value>
                <![CDATA[1400]]>
              </value>
            </param>
            <param index="43">
              <value>
                <![CDATA[Direct Debit]]>
              </value>
            </param>
            <param index="44">
              <value>
                <![CDATA[232323]]>
              </value>
            </param>
            <param index="45">
              <value>
                <![CDATA[12121121]]>
              </value>
            </param>
            <param index="46">
              <value>
                <![CDATA[Dr]]>
              </value>
            </param>
            <param index="47">
              <value>
                <![CDATA[Vasim]]>
              </value>
            </param>
            <param index="48">
              <value>
                <![CDATA[Khan]]>
              </value>
            </param>
            <param index="49">
              <value>
                <![CDATA[PR56BL]]>
              </value>
            </param>
            <param index="50">
              <value>
                <![CDATA[UK Tennant Data Unit 9-10 South Preston Office Village Cuerden Way Bamber Bridge Preston]]>
              </value>
            </param>
            <param index="51">
              <value>
                <![CDATA[2426261552]]>
              </value>
            </param>
            <param index="52">
              <value>
                <![CDATA[9604328562]]>
              </value>
            </param>
            <param index="53">
              <value>
                <![CDATA[vasimkhan@benchmarkitsolutions.com
]]>
              </value>
            </param>
            <param index="54">
              <value>
                <![CDATA[Friend]]>
              </value>
            </param>
            <param index="55">
              <value>
                <![CDATA[5]]>
              </value>
            </param>
            <param index="56">
              <value>
                <![CDATA[Unemployed]]>
              </value>
            </param>
            <param index="57">
              <value>
                <![CDATA[IND2018]]>
              </value>
            </param>
            <param index="58">
              <value>
                <![CDATA[100]]>
              </value>
            </param>
            <param index="59">
              <value>
                <![CDATA[200]]>
              </value>
            </param>
            <param index="60">
              <value>
                <![CDATA[400]]>
              </value>
            </param>
            <param index="61">
              <value>
                <![CDATA[500]]>
              </value>
            </param>
            <param index="62">
              <value>
                <![CDATA[600]]>
              </value>
            </param>
            <param index="63">
              <value>
                <![CDATA[Test]]>
              </value>
            </param>
          </params>
          <exception class="org.openqa.selenium.NoSuchElementException">
            <message>
              <![CDATA[no such element: Unable to locate element: {"method":"xpath","selector":"//button[contains(text(),'Finish')]"}
  (Session info: chrome=71.0.3578.98)
  (Driver info: chromedriver=2.38.552522 (437e6fbedfa8762dec75e2c5b3ddb86763dc9dcb),platform=Windows NT 6.1.7601 SP1 x86_64) (WARNING: The server did not provide any stacktrace information)
Command duration or timeout: 0 milliseconds
For documentation on this error, please visit: http://seleniumhq.org/exceptions/no_such_element.html
Build info: version: '3.141.5', revision: 'd54ebd709a', time: '2018-11-06T11:42:16'
System info: host: 'QA90', ip: '192.168.1.101', os.name: 'Windows 7', os.arch: 'amd64', os.version: '6.1', java.version: '1.8.0_181'
Driver info: org.openqa.selenium.chrome.ChromeDriver
Capabilities {acceptInsecureCerts: false, acceptSslCerts: false, applicationCacheEnabled: false, browserConnectionEnabled: false, browserName: chrome, chrome: {chromedriverVersion: 2.38.552522 (437e6fbedfa876..., userDataDir: C:\Users\swapnilb\AppData\L...}, cssSelectorsEnabled: true, databaseEnabled: false, handlesAlerts: true, hasTouchScreen: false, javascriptEnabled: true, locationContextEnabled: true, mobileEmulationEnabled: false, nativeEvents: true, networkConnectionEnabled: false, pageLoadStrategy: normal, platform: XP, platformName: XP, rotatable: false, setWindowRect: true, takesHeapSnapshot: true, takesScreenshot: true, unexpectedAlertBehaviour: , unhandledPromptBehavior: , version: 71.0.3578.98, webStorageEnabled: true}
Session ID: bdff6273705e38871086ba1e6417443c
*** Element info: {Using=xpath, value=//button[contains(text(),'Finish')]}]]>
            </message>
            <full-stacktrace>
              <![CDATA[org.openqa.selenium.NoSuchElementException: no such element: Unable to locate element: {"method":"xpath","selector":"//button[contains(text(),'Finish')]"}
  (Session info: chrome=71.0.3578.98)
  (Driver info: chromedriver=2.38.552522 (437e6fbedfa8762dec75e2c5b3ddb86763dc9dcb),platform=Windows NT 6.1.7601 SP1 x86_64) (WARNING: The server did not provide any stacktrace information)
Command duration or timeout: 0 milliseconds
For documentation on this error, please visit: http://seleniumhq.org/exceptions/no_such_element.html
Build info: version: '3.141.5', revision: 'd54ebd709a', time: '2018-11-06T11:42:16'
System info: host: 'QA90', ip: '192.168.1.101', os.name: 'Windows 7', os.arch: 'amd64', os.version: '6.1', java.version: '1.8.0_181'
Driver info: org.openqa.selenium.chrome.ChromeDriver
Capabilities {acceptInsecureCerts: false, acceptSslCerts: false, applicationCacheEnabled: false, browserConnectionEnabled: false, browserName: chrome, chrome: {chromedriverVersion: 2.38.552522 (437e6fbedfa876..., userDataDir: C:\Users\swapnilb\AppData\L...}, cssSelectorsEnabled: true, databaseEnabled: false, handlesAlerts: true, hasTouchScreen: false, javascriptEnabled: true, locationContextEnabled: true, mobileEmulationEnabled: false, nativeEvents: true, networkConnectionEnabled: false, pageLoadStrategy: normal, platform: XP, platformName: XP, rotatable: false, setWindowRect: true, takesHeapSnapshot: true, takesScreenshot: true, unexpectedAlertBehaviour: , unhandledPromptBehavior: , version: 71.0.3578.98, webStorageEnabled: true}
Session ID: bdff6273705e38871086ba1e6417443c
*** Element info: {Using=xpath, value=//button[contains(text(),'Finish')]}
at sun.reflect.NativeConstructorAccessorImpl.newInstance0(Native Method)
at sun.reflect.NativeConstructorAccessorImpl.newInstance(Unknown Source)
at sun.reflect.DelegatingConstructorAccessorImpl.newInstance(Unknown Source)
at java.lang.reflect.Constructor.newInstance(Unknown Source)
at org.openqa.selenium.remote.ErrorHandler.createThrowable(ErrorHandler.java:214)
at org.openqa.selenium.remote.ErrorHandler.throwIfResponseFailed(ErrorHandler.java:166)
at org.openqa.selenium.remote.http.JsonHttpResponseCodec.reconstructValue(JsonHttpResponseCodec.java:40)
at org.openqa.selenium.remote.http.AbstractHttpResponseCodec.decode(AbstractHttpResponseCodec.java:80)
at org.openqa.selenium.remote.http.AbstractHttpResponseCodec.decode(AbstractHttpResponseCodec.java:44)
at org.openqa.selenium.remote.HttpCommandExecutor.execute(HttpCommandExecutor.java:158)
at org.openqa.selenium.remote.service.DriverCommandExecutor.execute(DriverCommandExecutor.java:83)
at org.openqa.selenium.remote.RemoteWebDriver.execute(RemoteWebDriver.java:552)
at org.openqa.selenium.remote.RemoteWebDriver.findElement(RemoteWebDriver.java:323)
at org.openqa.selenium.remote.RemoteWebDriver.findElementByXPath(RemoteWebDriver.java:428)
at org.openqa.selenium.By$ByXPath.findElement(By.java:353)
at org.openqa.selenium.remote.RemoteWebDriver.findElement(RemoteWebDriver.java:315)
at sun.reflect.GeneratedMethodAccessor3.invoke(Unknown Source)
at sun.reflect.DelegatingMethodAccessorImpl.invoke(Unknown Source)
at java.lang.reflect.Method.invoke(Unknown Source)
at org.openqa.selenium.support.events.EventFiringWebDriver.lambda$new$1(EventFiringWebDriver.java:105)
at com.sun.proxy.$Proxy8.findElement(Unknown Source)
at org.openqa.selenium.support.events.EventFiringWebDriver.findElement(EventFiringWebDriver.java:194)
at org.openqa.selenium.support.pagefactory.DefaultElementLocator.findElement(DefaultElementLocator.java:69)
at org.openqa.selenium.support.pagefactory.internal.LocatingElementHandler.invoke(LocatingElementHandler.java:38)
at com.sun.proxy.$Proxy12.sendKeys(Unknown Source)
at com.uktd.qa.pages.CompleteApplication.finishApplication(CompleteApplication.java:45)
at com.uktd.qa.testcases.AgentToPurAgentFillTest.FullReportAgentToPurAgentFill(AgentToPurAgentFillTest.java:94)
at sun.reflect.NativeMethodAccessorImpl.invoke0(Native Method)
at sun.reflect.NativeMethodAccessorImpl.invoke(Unknown Source)
at sun.reflect.DelegatingMethodAccessorImpl.invoke(Unknown Source)
at java.lang.reflect.Method.invoke(Unknown Source)
at org.testng.internal.MethodInvocationHelper.invokeMethod(MethodInvocationHelper.java:124)
at org.testng.internal.Invoker.invokeMethod(Invoker.java:583)
at org.testng.internal.Invoker.invokeTestMethod(Invoker.java:719)
at org.testng.internal.Invoker.invokeTestMethods(Invoker.java:989)
at org.testng.internal.TestMethodWorker.invokeTestMethods(TestMethodWorker.java:125)
at org.testng.internal.TestMethodWorker.run(TestMethodWorker.java:109)
at org.testng.TestRunner.privateRun(TestRunner.java:648)
at org.testng.TestRunner.run(TestRunner.java:505)
at org.testng.SuiteRunner.runTest(SuiteRunner.java:455)
at org.testng.SuiteRunner.runSequentially(SuiteRunner.java:450)
at org.testng.SuiteRunner.privateRun(SuiteRunner.java:415)
at org.testng.SuiteRunner.run(SuiteRunner.java:364)
at org.testng.SuiteRunnerWorker.runSuite(SuiteRunnerWorker.java:52)
at org.testng.SuiteRunnerWorker.run(SuiteRunnerWorker.java:84)
at org.testng.TestNG.runSuitesSequentially(TestNG.java:1208)
at org.testng.TestNG.runSuitesLocally(TestNG.java:1137)
at org.testng.TestNG.runSuites(TestNG.java:1049)
at org.testng.TestNG.run(TestNG.java:1017)
at org.testng.remote.AbstractRemoteTestNG.run(AbstractRemoteTestNG.java:114)
at org.testng.remote.RemoteTestNG.initAndRun(RemoteTestNG.java:251)
at org.testng.remote.RemoteTestNG.main(RemoteTestNG.java:77)
]]>
            </full-stacktrace>
          </exception> <!-- org.openqa.selenium.NoSuchElementException -->
          <reporter-output>
          </reporter-output>
        </test-method> <!-- FullReportAgentToPurAgentFill -->
        <test-method status="PASS" signature="afterMethod()[pri:0, instance:com.uktd.qa.testcases.AgentToPurAgentFillTest@13deb50e]" name="afterMethod" is-config="true" duration-ms="2189" started-at="2019-01-23T06:07:29Z" finished-at="2019-01-23T06:07:31Z">
          <reporter-output>
          </reporter-output>
        </test-method> <!-- afterMethod -->
      </class> <!-- com.uktd.qa.testcases.AgentToPurAgentFillTest -->
    </test> <!-- Default test -->
  </suite> <!-- Default suite -->
</testng-results>
