<?xml version="1.0" encoding="UTF-8"?>
<testng-results skipped="0" failed="0" ignored="0" total="1" passed="1">
  <reporter-output>
  </reporter-output>
  <suite name="Default suite" duration-ms="38366" started-at="2019-01-15T13:44:03Z" finished-at="2019-01-15T13:44:41Z">
    <groups>
    </groups>
    <test name="Default test" duration-ms="38366" started-at="2019-01-15T13:44:03Z" finished-at="2019-01-15T13:44:41Z">
      <class name="com.uktd.qa.testcases.AgentToPurAgentFillTest">
        <test-method status="PASS" signature="beforeMethod()[pri:0, instance:com.uktd.qa.testcases.AgentToPurAgentFillTest@464bee09]" name="beforeMethod" is-config="true" duration-ms="27892" started-at="2019-01-15T13:44:03Z" finished-at="2019-01-15T13:44:31Z">
          <reporter-output>
          </reporter-output>
        </test-method> <!-- beforeMethod -->
        <test-method status="PASS" signature="FullReportAgentToPurAgentFill()[pri:0, instance:com.uktd.qa.testcases.AgentToPurAgentFillTest@464bee09]" name="FullReportAgentToPurAgentFill" duration-ms="10432" started-at="2019-01-15T13:44:31Z" finished-at="2019-01-15T13:44:41Z">
          <reporter-output>
          </reporter-output>
        </test-method> <!-- FullReportAgentToPurAgentFill -->
        <test-method status="PASS" signature="afterMethod()[pri:0, instance:com.uktd.qa.testcases.AgentToPurAgentFillTest@464bee09]" name="afterMethod" is-config="true" duration-ms="1" started-at="2019-01-15T13:44:41Z" finished-at="2019-01-15T13:44:41Z">
          <reporter-output>
          </reporter-output>
        </test-method> <!-- afterMethod -->
      </class> <!-- com.uktd.qa.testcases.AgentToPurAgentFillTest -->
    </test> <!-- Default test -->
  </suite> <!-- Default suite -->
</testng-results>
